[INFO ][30-Jul-2022 00:57:49 AM] Log.info:(27) - ******   Current Working directory  *********/Users/baitharu/eclipse-workspace/CucumberJava
[INFO ][30-Jul-2022 00:57:49 AM] Log.info:(27) - ****** Initializing the Property file *****Driver.Driverfactory
[DEBUG][30-Jul-2022 00:57:49 AM] InternalLoggerFactory.useLog4J2LoggerFactory:(76) - Using Log4J2 as the default logging framework
[DEBUG][30-Jul-2022 00:57:49 AM] ResourceLeakDetector.<clinit>:(129) - -Dio.netty.leakDetection.level: simple
[DEBUG][30-Jul-2022 00:57:49 AM] ResourceLeakDetector.<clinit>:(130) - -Dio.netty.leakDetection.targetRecords: 4
[DEBUG][30-Jul-2022 00:57:49 AM] ResourceLeakDetectorFactory$DefaultResourceLeakDetectorFactory.newResourceLeakDetector:(196) - Loaded default ResourceLeakDetector: io.netty.util.ResourceLeakDetector@5ae95707
[DEBUG][30-Jul-2022 00:57:49 AM] PlatformDependent0.explicitNoUnsafeCause0:(495) - -Dio.netty.noUnsafe: false
[DEBUG][30-Jul-2022 00:57:49 AM] PlatformDependent0.javaVersion0:(998) - Java version: 8
[DEBUG][30-Jul-2022 00:57:49 AM] PlatformDependent0.<clinit>:(136) - sun.misc.Unsafe.theUnsafe: available
[DEBUG][30-Jul-2022 00:57:49 AM] PlatformDependent0.<clinit>:(160) - sun.misc.Unsafe.copyMemory: available
[DEBUG][30-Jul-2022 00:57:49 AM] PlatformDependent0.<clinit>:(192) - sun.misc.Unsafe.storeFence: available
[DEBUG][30-Jul-2022 00:57:49 AM] PlatformDependent0.<clinit>:(235) - java.nio.Buffer.address: available
[DEBUG][30-Jul-2022 00:57:49 AM] PlatformDependent0.<clinit>:(306) - direct buffer constructor: available
[DEBUG][30-Jul-2022 00:57:49 AM] PlatformDependent0.<clinit>:(384) - java.nio.Bits.unaligned: available, true
[DEBUG][30-Jul-2022 00:57:49 AM] PlatformDependent0.<clinit>:(458) - jdk.internal.misc.Unsafe.allocateUninitializedArray(int): unavailable prior to Java9
[DEBUG][30-Jul-2022 00:57:49 AM] PlatformDependent0.<clinit>:(481) - java.nio.DirectByteBuffer.<init>(long, int): available
[DEBUG][30-Jul-2022 00:57:49 AM] PlatformDependent.unsafeUnavailabilityCause0:(1120) - sun.misc.Unsafe: available
[DEBUG][30-Jul-2022 00:57:49 AM] PlatformDependent.tmpdir0:(1250) - -Dio.netty.tmpdir: /var/folders/2k/58m39qqj2pj3m4wbkjz3dnyh0000gn/T (java.io.tmpdir)
[DEBUG][30-Jul-2022 00:57:49 AM] PlatformDependent.bitMode0:(1329) - -Dio.netty.bitMode: 64 (sun.arch.data.model)
[DEBUG][30-Jul-2022 00:57:49 AM] PlatformDependent.isOsx0:(1088) - Platform: MacOS
[DEBUG][30-Jul-2022 00:57:49 AM] PlatformDependent.<clinit>:(178) - -Dio.netty.maxDirectMemory: 1908932608 bytes
[DEBUG][30-Jul-2022 00:57:49 AM] PlatformDependent.<clinit>:(185) - -Dio.netty.uninitializedArrayAllocationThreshold: -1
[DEBUG][30-Jul-2022 00:57:49 AM] CleanerJava6.<clinit>:(92) - java.nio.ByteBuffer.cleaner(): available
[DEBUG][30-Jul-2022 00:57:49 AM] PlatformDependent.<clinit>:(205) - -Dio.netty.noPreferDirect: false
[DEBUG][30-Jul-2022 00:57:49 AM] PlatformDependent$Mpsc.<clinit>:(971) - org.jctools-core.MpscChunkedArrayQueue: available
[DEBUG][30-Jul-2022 00:57:49 AM] InternalThreadLocalMap.<clinit>:(86) - -Dio.netty.threadLocalMap.stringBuilder.initialSize: 1024
[DEBUG][30-Jul-2022 00:57:49 AM] InternalThreadLocalMap.<clinit>:(89) - -Dio.netty.threadLocalMap.stringBuilder.maxSize: 4096
[DEBUG][30-Jul-2022 00:57:49 AM] JdkSslContext.<clinit>:(83) - Default protocols (JDK): [TLSv1.2] 
[DEBUG][30-Jul-2022 00:57:49 AM] JdkSslContext.<clinit>:(84) - Default cipher suites (JDK): [TLS_ECDHE_ECDSA_WITH_AES_256_GCM_SHA384, TLS_ECDHE_ECDSA_WITH_AES_128_GCM_SHA256, TLS_ECDHE_RSA_WITH_AES_128_GCM_SHA256, TLS_ECDHE_RSA_WITH_AES_256_GCM_SHA384, TLS_ECDHE_RSA_WITH_AES_128_CBC_SHA, TLS_ECDHE_RSA_WITH_AES_256_CBC_SHA, TLS_RSA_WITH_AES_128_GCM_SHA256, TLS_RSA_WITH_AES_128_CBC_SHA, TLS_RSA_WITH_AES_256_CBC_SHA, TLS_AES_128_GCM_SHA256, TLS_AES_256_GCM_SHA384]
[DEBUG][30-Jul-2022 00:57:50 AM] MultithreadEventLoopGroup.<clinit>:(44) - -Dio.netty.eventLoopThreads: 16
[DEBUG][30-Jul-2022 00:57:50 AM] NioEventLoop.<clinit>:(109) - -Dio.netty.noKeySetOptimization: false
[DEBUG][30-Jul-2022 00:57:50 AM] NioEventLoop.<clinit>:(110) - -Dio.netty.selectorAutoRebuildThreshold: 512
[TRACE][30-Jul-2022 00:57:50 AM] NioEventLoop.openSelector:(263) - instrumented a special java.util.Set into: sun.nio.ch.KQueueSelectorImpl@e9dc4d0
[TRACE][30-Jul-2022 00:57:50 AM] NioEventLoop.openSelector:(263) - instrumented a special java.util.Set into: sun.nio.ch.KQueueSelectorImpl@43b40233
[TRACE][30-Jul-2022 00:57:50 AM] NioEventLoop.openSelector:(263) - instrumented a special java.util.Set into: sun.nio.ch.KQueueSelectorImpl@23eff5d1
[TRACE][30-Jul-2022 00:57:50 AM] NioEventLoop.openSelector:(263) - instrumented a special java.util.Set into: sun.nio.ch.KQueueSelectorImpl@2e060819
[TRACE][30-Jul-2022 00:57:50 AM] NioEventLoop.openSelector:(263) - instrumented a special java.util.Set into: sun.nio.ch.KQueueSelectorImpl@42c28305
[TRACE][30-Jul-2022 00:57:50 AM] NioEventLoop.openSelector:(263) - instrumented a special java.util.Set into: sun.nio.ch.KQueueSelectorImpl@2184b4f4
[TRACE][30-Jul-2022 00:57:50 AM] NioEventLoop.openSelector:(263) - instrumented a special java.util.Set into: sun.nio.ch.KQueueSelectorImpl@7d199c68
[TRACE][30-Jul-2022 00:57:50 AM] NioEventLoop.openSelector:(263) - instrumented a special java.util.Set into: sun.nio.ch.KQueueSelectorImpl@63411512
[TRACE][30-Jul-2022 00:57:50 AM] NioEventLoop.openSelector:(263) - instrumented a special java.util.Set into: sun.nio.ch.KQueueSelectorImpl@35cd68d4
[TRACE][30-Jul-2022 00:57:50 AM] NioEventLoop.openSelector:(263) - instrumented a special java.util.Set into: sun.nio.ch.KQueueSelectorImpl@316a598d
[TRACE][30-Jul-2022 00:57:50 AM] NioEventLoop.openSelector:(263) - instrumented a special java.util.Set into: sun.nio.ch.KQueueSelectorImpl@216914
[TRACE][30-Jul-2022 00:57:50 AM] NioEventLoop.openSelector:(263) - instrumented a special java.util.Set into: sun.nio.ch.KQueueSelectorImpl@6ba30587
[TRACE][30-Jul-2022 00:57:50 AM] NioEventLoop.openSelector:(263) - instrumented a special java.util.Set into: sun.nio.ch.KQueueSelectorImpl@35764bef
[TRACE][30-Jul-2022 00:57:50 AM] NioEventLoop.openSelector:(263) - instrumented a special java.util.Set into: sun.nio.ch.KQueueSelectorImpl@5633dafd
[TRACE][30-Jul-2022 00:57:50 AM] NioEventLoop.openSelector:(263) - instrumented a special java.util.Set into: sun.nio.ch.KQueueSelectorImpl@5d5160e6
[TRACE][30-Jul-2022 00:57:50 AM] NioEventLoop.openSelector:(263) - instrumented a special java.util.Set into: sun.nio.ch.KQueueSelectorImpl@2eadc9f6
[DEBUG][30-Jul-2022 00:57:50 AM] PooledByteBufAllocator.<clinit>:(157) - -Dio.netty.allocator.numHeapArenas: 16
[DEBUG][30-Jul-2022 00:57:50 AM] PooledByteBufAllocator.<clinit>:(158) - -Dio.netty.allocator.numDirectArenas: 16
[DEBUG][30-Jul-2022 00:57:50 AM] PooledByteBufAllocator.<clinit>:(160) - -Dio.netty.allocator.pageSize: 8192
[DEBUG][30-Jul-2022 00:57:50 AM] PooledByteBufAllocator.<clinit>:(165) - -Dio.netty.allocator.maxOrder: 9
[DEBUG][30-Jul-2022 00:57:50 AM] PooledByteBufAllocator.<clinit>:(169) - -Dio.netty.allocator.chunkSize: 4194304
[DEBUG][30-Jul-2022 00:57:50 AM] PooledByteBufAllocator.<clinit>:(170) - -Dio.netty.allocator.smallCacheSize: 256
[DEBUG][30-Jul-2022 00:57:50 AM] PooledByteBufAllocator.<clinit>:(171) - -Dio.netty.allocator.normalCacheSize: 64
[DEBUG][30-Jul-2022 00:57:50 AM] PooledByteBufAllocator.<clinit>:(172) - -Dio.netty.allocator.maxCachedBufferCapacity: 32768
[DEBUG][30-Jul-2022 00:57:50 AM] PooledByteBufAllocator.<clinit>:(173) - -Dio.netty.allocator.cacheTrimInterval: 8192
[DEBUG][30-Jul-2022 00:57:50 AM] PooledByteBufAllocator.<clinit>:(174) - -Dio.netty.allocator.cacheTrimIntervalMillis: 0
[DEBUG][30-Jul-2022 00:57:50 AM] PooledByteBufAllocator.<clinit>:(175) - -Dio.netty.allocator.useCacheForAllThreads: false
[DEBUG][30-Jul-2022 00:57:50 AM] PooledByteBufAllocator.<clinit>:(176) - -Dio.netty.allocator.maxCachedByteBuffersPerChunk: 1023
[DEBUG][30-Jul-2022 00:57:50 AM] ByteBufUtil.<clinit>:(87) - -Dio.netty.allocator.type: pooled
[DEBUG][30-Jul-2022 00:57:50 AM] ByteBufUtil.<clinit>:(96) - -Dio.netty.threadLocalDirectBufferSize: 0
[DEBUG][30-Jul-2022 00:57:50 AM] ByteBufUtil.<clinit>:(99) - -Dio.netty.maxThreadLocalCharBufferSize: 16384
[DEBUG][30-Jul-2022 00:57:50 AM] DefaultChannelId.<clinit>:(79) - -Dio.netty.processId: 3926 (auto-detected)
[DEBUG][30-Jul-2022 00:57:50 AM] NetUtil.<clinit>:(136) - -Djava.net.preferIPv4Stack: false
[DEBUG][30-Jul-2022 00:57:50 AM] NetUtil.<clinit>:(137) - -Djava.net.preferIPv6Addresses: false
[DEBUG][30-Jul-2022 00:57:50 AM] NetUtilInitializations.determineLoopback:(129) - Loopback interface: lo0 (lo0, 0:0:0:0:0:0:0:1%lo0)
[DEBUG][30-Jul-2022 00:57:50 AM] NetUtil$SoMaxConnAction.run:(191) - Failed to get SOMAXCONN from sysctl and file /proc/sys/net/core/somaxconn. Default: 128
[DEBUG][30-Jul-2022 00:57:50 AM] DefaultChannelId.<clinit>:(101) - -Dio.netty.machineId: ac:de:48:ff:fe:00:11:22 (auto-detected)
[DEBUG][30-Jul-2022 00:57:50 AM] AbstractByteBuf.<clinit>:(63) - -Dio.netty.buffer.checkAccessible: true
[DEBUG][30-Jul-2022 00:57:50 AM] AbstractByteBuf.<clinit>:(64) - -Dio.netty.buffer.checkBounds: true
[DEBUG][30-Jul-2022 00:57:50 AM] ResourceLeakDetectorFactory$DefaultResourceLeakDetectorFactory.newResourceLeakDetector:(196) - Loaded default ResourceLeakDetector: io.netty.util.ResourceLeakDetector@7983b34d
[DEBUG][30-Jul-2022 00:57:50 AM] Recycler.<clinit>:(85) - -Dio.netty.recycler.maxCapacityPerThread: 4096
[DEBUG][30-Jul-2022 00:57:50 AM] Recycler.<clinit>:(86) - -Dio.netty.recycler.ratio: 8
[DEBUG][30-Jul-2022 00:57:50 AM] Recycler.<clinit>:(87) - -Dio.netty.recycler.chunkSize: 32
[DEBUG][30-Jul-2022 00:57:50 AM] Recycler.<clinit>:(88) - -Dio.netty.recycler.blocking: false
[DEBUG][30-Jul-2022 00:57:51 AM] Brotli.<clinit>:(38) - brotli4j not in the classpath; Brotli support will be unavailable.
[DEBUG][30-Jul-2022 00:57:52 AM] ThreadLocalRandom.newSeed:(214) - -Dio.netty.initialSeedUniquifier: 0xdd88a1882f7efa07
[INFO ][30-Jul-2022 00:57:52 AM] Log.info:(27) - ****** Initializing the WebDriver *****Driver.Driverfactory
[INFO ][30-Jul-2022 00:57:52 AM] Log.startStep:(16) - Step Started ••••••••••••••••Scenario Step execution Start Time Sat Jul 30 00:57:52 IST 2022
[INFO ][30-Jul-2022 00:57:52 AM] Log.endStep:(24) - Step Started ••••••••••••••••Scenario Step execution End Time Sat Jul 30 00:57:52 IST 2022
[INFO ][30-Jul-2022 00:57:52 AM] Log.startStep:(16) - Step Started ••••••••••••••••Scenario Step execution Start Time Sat Jul 30 00:57:52 IST 2022
[INFO ][30-Jul-2022 00:57:53 AM] Log.endStep:(24) - Step Started ••••••••••••••••Scenario Step execution End Time Sat Jul 30 00:57:53 IST 2022
[INFO ][30-Jul-2022 00:57:53 AM] Log.startStep:(16) - Step Started ••••••••••••••••Scenario Step execution Start Time Sat Jul 30 00:57:53 IST 2022
[INFO ][30-Jul-2022 00:58:05 AM] Log.endStep:(24) - Step Started ••••••••••••••••Scenario Step execution End Time Sat Jul 30 00:58:05 IST 2022
[INFO ][30-Jul-2022 00:58:05 AM] Log.startStep:(16) - Step Started ••••••••••••••••Scenario Step execution Start Time Sat Jul 30 00:58:05 IST 2022
[INFO ][30-Jul-2022 00:58:05 AM] Log.endStep:(24) - Step Started ••••••••••••••••Scenario Step execution End Time Sat Jul 30 00:58:05 IST 2022
[INFO ][30-Jul-2022 00:58:05 AM] Log.startStep:(16) - Step Started ••••••••••••••••Scenario Step execution Start Time Sat Jul 30 00:58:05 IST 2022
[INFO ][30-Jul-2022 00:58:05 AM] Log.endStep:(24) - Step Started ••••••••••••••••Scenario Step execution End Time Sat Jul 30 00:58:05 IST 2022
[INFO ][30-Jul-2022 00:58:05 AM] Log.startStep:(16) - Step Started ••••••••••••••••Scenario Step execution Start Time Sat Jul 30 00:58:05 IST 2022
[INFO ][30-Jul-2022 00:58:05 AM] Log.endStep:(24) - Step Started ••••••••••••••••Scenario Step execution End Time Sat Jul 30 00:58:05 IST 2022
[INFO ][30-Jul-2022 00:58:05 AM] Log.startStep:(16) - Step Started ••••••••••••••••Scenario Step execution Start Time Sat Jul 30 00:58:05 IST 2022
[INFO ][30-Jul-2022 00:58:05 AM] Log.endStep:(24) - Step Started ••••••••••••••••Scenario Step execution End Time Sat Jul 30 00:58:05 IST 2022
[INFO ][30-Jul-2022 00:58:05 AM] Log.startStep:(16) - Step Started ••••••••••••••••Scenario Step execution Start Time Sat Jul 30 00:58:05 IST 2022
[INFO ][30-Jul-2022 00:58:05 AM] Log.endStep:(24) - Step Started ••••••••••••••••Scenario Step execution End Time Sat Jul 30 00:58:05 IST 2022
[TRACE][30-Jul-2022 00:58:05 AM] WebSocket08FrameEncoder.encode:(131) - Encoding WebSocket Frame opCode=8 length=26
[INFO ][30-Jul-2022 00:58:06 AM] Log.info:(27) - ****** Quitting the WebDriver Session from StepDefination After Hook *****Driver.Driverfactory
[INFO ][30-Jul-2022 00:58:06 AM] Log.info:(27) - ******   Current Working directory  *********/Users/baitharu/eclipse-workspace/CucumberJava
[INFO ][30-Jul-2022 00:58:06 AM] Log.info:(27) - ****** Initializing the Property file *****Driver.Driverfactory
[INFO ][30-Jul-2022 00:58:07 AM] Log.info:(27) - ****** Initializing the WebDriver *****Driver.Driverfactory
[INFO ][30-Jul-2022 00:58:07 AM] Log.startStep:(16) - Step Started ••••••••••••••••Scenario Step execution Start Time Sat Jul 30 00:58:07 IST 2022
[INFO ][30-Jul-2022 00:58:08 AM] Log.endStep:(24) - Step Started ••••••••••••••••Scenario Step execution End Time Sat Jul 30 00:58:08 IST 2022
[INFO ][30-Jul-2022 00:58:08 AM] Log.startStep:(16) - Step Started ••••••••••••••••Scenario Step execution Start Time Sat Jul 30 00:58:08 IST 2022
[INFO ][30-Jul-2022 00:58:08 AM] Log.endStep:(24) - Step Started ••••••••••••••••Scenario Step execution End Time Sat Jul 30 00:58:08 IST 2022
[INFO ][30-Jul-2022 00:58:08 AM] Log.startStep:(16) - Step Started ••••••••••••••••Scenario Step execution Start Time Sat Jul 30 00:58:08 IST 2022
[INFO ][30-Jul-2022 00:58:20 AM] Log.endStep:(24) - Step Started ••••••••••••••••Scenario Step execution End Time Sat Jul 30 00:58:20 IST 2022
[INFO ][30-Jul-2022 00:58:20 AM] Log.startStep:(16) - Step Started ••••••••••••••••Scenario Step execution Start Time Sat Jul 30 00:58:20 IST 2022
[INFO ][30-Jul-2022 00:58:20 AM] Log.endStep:(24) - Step Started ••••••••••••••••Scenario Step execution End Time Sat Jul 30 00:58:20 IST 2022
[INFO ][30-Jul-2022 00:58:20 AM] Log.startStep:(16) - Step Started ••••••••••••••••Scenario Step execution Start Time Sat Jul 30 00:58:20 IST 2022
[INFO ][30-Jul-2022 00:58:20 AM] Log.endStep:(24) - Step Started ••••••••••••••••Scenario Step execution End Time Sat Jul 30 00:58:20 IST 2022
[INFO ][30-Jul-2022 00:58:20 AM] Log.startStep:(16) - Step Started ••••••••••••••••Scenario Step execution Start Time Sat Jul 30 00:58:20 IST 2022
[INFO ][30-Jul-2022 00:58:20 AM] Log.endStep:(24) - Step Started ••••••••••••••••Scenario Step execution End Time Sat Jul 30 00:58:20 IST 2022
[INFO ][30-Jul-2022 00:58:20 AM] Log.startStep:(16) - Step Started ••••••••••••••••Scenario Step execution Start Time Sat Jul 30 00:58:20 IST 2022
[INFO ][30-Jul-2022 00:58:20 AM] Log.endStep:(24) - Step Started ••••••••••••••••Scenario Step execution End Time Sat Jul 30 00:58:20 IST 2022
[INFO ][30-Jul-2022 00:58:20 AM] Log.startStep:(16) - Step Started ••••••••••••••••Scenario Step execution Start Time Sat Jul 30 00:58:20 IST 2022
[INFO ][30-Jul-2022 00:58:20 AM] Log.endStep:(24) - Step Started ••••••••••••••••Scenario Step execution End Time Sat Jul 30 00:58:20 IST 2022
[INFO ][30-Jul-2022 00:58:20 AM] Log.startStep:(16) - Step Started ••••••••••••••••Scenario Step execution Start Time Sat Jul 30 00:58:20 IST 2022
[INFO ][30-Jul-2022 00:58:21 AM] Log.endStep:(24) - Step Started ••••••••••••••••Scenario Step execution End Time Sat Jul 30 00:58:21 IST 2022
[INFO ][30-Jul-2022 00:58:21 AM] Log.startStep:(16) - Step Started ••••••••••••••••Scenario Step execution Start Time Sat Jul 30 00:58:21 IST 2022
[INFO ][30-Jul-2022 00:58:21 AM] Log.endStep:(24) - Step Started ••••••••••••••••Scenario Step execution End Time Sat Jul 30 00:58:21 IST 2022
[INFO ][30-Jul-2022 00:58:21 AM] Log.startStep:(16) - Step Started ••••••••••••••••Scenario Step execution Start Time Sat Jul 30 00:58:21 IST 2022
[INFO ][30-Jul-2022 00:58:21 AM] Log.endStep:(24) - Step Started ••••••••••••••••Scenario Step execution End Time Sat Jul 30 00:58:21 IST 2022
[TRACE][30-Jul-2022 00:58:21 AM] WebSocket08FrameEncoder.encode:(131) - Encoding WebSocket Frame opCode=8 length=26
[INFO ][30-Jul-2022 00:58:21 AM] Log.info:(27) - ****** Quitting the WebDriver Session from StepDefination After Hook *****Driver.Driverfactory
[INFO ][30-Jul-2022 00:58:21 AM] Log.info:(27) - ******   Current Working directory  *********/Users/baitharu/eclipse-workspace/CucumberJava
[INFO ][30-Jul-2022 00:58:21 AM] Log.info:(27) - ****** Initializing the Property file *****Driver.Driverfactory
[INFO ][30-Jul-2022 00:58:23 AM] Log.info:(27) - ****** Initializing the WebDriver *****Driver.Driverfactory
[INFO ][30-Jul-2022 00:58:23 AM] Log.startStep:(16) - Step Started ••••••••••••••••Scenario Step execution Start Time Sat Jul 30 00:58:23 IST 2022
[INFO ][30-Jul-2022 00:58:23 AM] Log.endStep:(24) - Step Started ••••••••••••••••Scenario Step execution End Time Sat Jul 30 00:58:23 IST 2022
[INFO ][30-Jul-2022 00:58:23 AM] Log.startStep:(16) - Step Started ••••••••••••••••Scenario Step execution Start Time Sat Jul 30 00:58:23 IST 2022
[INFO ][30-Jul-2022 00:58:23 AM] Log.endStep:(24) - Step Started ••••••••••••••••Scenario Step execution End Time Sat Jul 30 00:58:23 IST 2022
[INFO ][30-Jul-2022 00:58:23 AM] Log.startStep:(16) - Step Started ••••••••••••••••Scenario Step execution Start Time Sat Jul 30 00:58:23 IST 2022
[INFO ][30-Jul-2022 00:58:35 AM] Log.endStep:(24) - Step Started ••••••••••••••••Scenario Step execution End Time Sat Jul 30 00:58:35 IST 2022
[INFO ][30-Jul-2022 00:58:35 AM] Log.startStep:(16) - Step Started ••••••••••••••••Scenario Step execution Start Time Sat Jul 30 00:58:35 IST 2022
[INFO ][30-Jul-2022 00:58:35 AM] Log.endStep:(24) - Step Started ••••••••••••••••Scenario Step execution End Time Sat Jul 30 00:58:35 IST 2022
[TRACE][30-Jul-2022 00:58:35 AM] WebSocket08FrameEncoder.encode:(131) - Encoding WebSocket Frame opCode=8 length=26
[INFO ][30-Jul-2022 00:58:35 AM] Log.info:(27) - ****** Quitting the WebDriver Session from StepDefination After Hook *****Driver.Driverfactory
[INFO ][30-Jul-2022 00:58:35 AM] Log.info:(27) - ******   Current Working directory  *********/Users/baitharu/eclipse-workspace/CucumberJava
[INFO ][30-Jul-2022 00:58:35 AM] Log.info:(27) - ****** Initializing the Property file *****Driver.Driverfactory
[INFO ][30-Jul-2022 00:58:37 AM] Log.info:(27) - ****** Initializing the WebDriver *****Driver.Driverfactory
[INFO ][30-Jul-2022 00:58:37 AM] Log.startStep:(16) - Step Started ••••••••••••••••Scenario Step execution Start Time Sat Jul 30 00:58:37 IST 2022
[INFO ][30-Jul-2022 00:58:37 AM] Log.endStep:(24) - Step Started ••••••••••••••••Scenario Step execution End Time Sat Jul 30 00:58:37 IST 2022
[INFO ][30-Jul-2022 00:58:37 AM] Log.startStep:(16) - Step Started ••••••••••••••••Scenario Step execution Start Time Sat Jul 30 00:58:37 IST 2022
[INFO ][30-Jul-2022 00:58:37 AM] Log.endStep:(24) - Step Started ••••••••••••••••Scenario Step execution End Time Sat Jul 30 00:58:37 IST 2022
[INFO ][30-Jul-2022 00:58:37 AM] Log.startStep:(16) - Step Started ••••••••••••••••Scenario Step execution Start Time Sat Jul 30 00:58:37 IST 2022
[INFO ][30-Jul-2022 00:58:55 AM] Log.endStep:(24) - Step Started ••••••••••••••••Scenario Step execution End Time Sat Jul 30 00:58:55 IST 2022
[INFO ][30-Jul-2022 00:58:55 AM] Log.startStep:(16) - Step Started ••••••••••••••••Scenario Step execution Start Time Sat Jul 30 00:58:55 IST 2022
[INFO ][30-Jul-2022 00:58:55 AM] Log.endStep:(24) - Step Started ••••••••••••••••Scenario Step execution End Time Sat Jul 30 00:58:55 IST 2022
[TRACE][30-Jul-2022 00:58:55 AM] WebSocket08FrameEncoder.encode:(131) - Encoding WebSocket Frame opCode=8 length=26
[INFO ][30-Jul-2022 00:58:55 AM] Log.info:(27) - ****** Quitting the WebDriver Session from StepDefination After Hook *****Driver.Driverfactory
[INFO ][30-Jul-2022 00:58:55 AM] Log.info:(27) - ******   Current Working directory  *********/Users/baitharu/eclipse-workspace/CucumberJava
[INFO ][30-Jul-2022 00:58:55 AM] Log.info:(27) - ****** Initializing the Property file *****Driver.Driverfactory
[INFO ][30-Jul-2022 00:58:57 AM] Log.info:(27) - ****** Initializing the WebDriver *****Driver.Driverfactory
[INFO ][30-Jul-2022 00:58:57 AM] Log.startStep:(16) - Step Started ••••••••••••••••Scenario Step execution Start Time Sat Jul 30 00:58:57 IST 2022
[INFO ][30-Jul-2022 00:58:57 AM] Log.endStep:(24) - Step Started ••••••••••••••••Scenario Step execution End Time Sat Jul 30 00:58:57 IST 2022
[INFO ][30-Jul-2022 00:58:57 AM] Log.startStep:(16) - Step Started ••••••••••••••••Scenario Step execution Start Time Sat Jul 30 00:58:57 IST 2022
[INFO ][30-Jul-2022 00:58:57 AM] Log.endStep:(24) - Step Started ••••••••••••••••Scenario Step execution End Time Sat Jul 30 00:58:57 IST 2022
[INFO ][30-Jul-2022 00:58:57 AM] Log.startStep:(16) - Step Started ••••••••••••••••Scenario Step execution Start Time Sat Jul 30 00:58:57 IST 2022
[INFO ][30-Jul-2022 00:58:57 AM] Log.endStep:(24) - Step Started ••••••••••••••••Scenario Step execution End Time Sat Jul 30 00:58:57 IST 2022
[INFO ][30-Jul-2022 00:58:57 AM] Log.startStep:(16) - Step Started ••••••••••••••••Scenario Step execution Start Time Sat Jul 30 00:58:57 IST 2022
[INFO ][30-Jul-2022 00:58:57 AM] Log.endStep:(24) - Step Started ••••••••••••••••Scenario Step execution End Time Sat Jul 30 00:58:57 IST 2022
[INFO ][30-Jul-2022 00:58:57 AM] Log.startStep:(16) - Step Started ••••••••••••••••Scenario Step execution Start Time Sat Jul 30 00:58:57 IST 2022
[INFO ][30-Jul-2022 00:58:57 AM] Log.endStep:(24) - Step Started ••••••••••••••••Scenario Step execution End Time Sat Jul 30 00:58:57 IST 2022
[TRACE][30-Jul-2022 00:58:57 AM] WebSocket08FrameEncoder.encode:(131) - Encoding WebSocket Frame opCode=8 length=26
[INFO ][30-Jul-2022 00:58:57 AM] Log.info:(27) - ****** Quitting the WebDriver Session from StepDefination After Hook *****Driver.Driverfactory
