[INFO ][01-Aug-2022 00:17:07 AM] Log.info:(34) - ******   Current Working directory  *********/Users/baitharu/eclipse-workspace/CucumberJava
[INFO ][01-Aug-2022 00:17:07 AM] Log.info:(34) - ****** Initializing the Property file *****Driver.Driverfactory
[DEBUG][01-Aug-2022 00:17:09 AM] InternalLoggerFactory.useLog4J2LoggerFactory:(76) - Using Log4J2 as the default logging framework
[DEBUG][01-Aug-2022 00:17:09 AM] ResourceLeakDetector.<clinit>:(129) - -Dio.netty.leakDetection.level: simple
[DEBUG][01-Aug-2022 00:17:09 AM] ResourceLeakDetector.<clinit>:(130) - -Dio.netty.leakDetection.targetRecords: 4
[DEBUG][01-Aug-2022 00:17:09 AM] ResourceLeakDetectorFactory$DefaultResourceLeakDetectorFactory.newResourceLeakDetector:(196) - Loaded default ResourceLeakDetector: io.netty.util.ResourceLeakDetector@10acd6
[DEBUG][01-Aug-2022 00:17:09 AM] PlatformDependent0.explicitNoUnsafeCause0:(495) - -Dio.netty.noUnsafe: false
[DEBUG][01-Aug-2022 00:17:09 AM] PlatformDependent0.javaVersion0:(998) - Java version: 8
[DEBUG][01-Aug-2022 00:17:09 AM] PlatformDependent0.<clinit>:(136) - sun.misc.Unsafe.theUnsafe: available
[DEBUG][01-Aug-2022 00:17:09 AM] PlatformDependent0.<clinit>:(160) - sun.misc.Unsafe.copyMemory: available
[DEBUG][01-Aug-2022 00:17:09 AM] PlatformDependent0.<clinit>:(192) - sun.misc.Unsafe.storeFence: available
[DEBUG][01-Aug-2022 00:17:09 AM] PlatformDependent0.<clinit>:(235) - java.nio.Buffer.address: available
[DEBUG][01-Aug-2022 00:17:09 AM] PlatformDependent0.<clinit>:(306) - direct buffer constructor: available
[DEBUG][01-Aug-2022 00:17:09 AM] PlatformDependent0.<clinit>:(384) - java.nio.Bits.unaligned: available, true
[DEBUG][01-Aug-2022 00:17:09 AM] PlatformDependent0.<clinit>:(458) - jdk.internal.misc.Unsafe.allocateUninitializedArray(int): unavailable prior to Java9
[DEBUG][01-Aug-2022 00:17:09 AM] PlatformDependent0.<clinit>:(481) - java.nio.DirectByteBuffer.<init>(long, int): available
[DEBUG][01-Aug-2022 00:17:09 AM] PlatformDependent.unsafeUnavailabilityCause0:(1120) - sun.misc.Unsafe: available
[DEBUG][01-Aug-2022 00:17:09 AM] PlatformDependent.tmpdir0:(1250) - -Dio.netty.tmpdir: /var/folders/2k/58m39qqj2pj3m4wbkjz3dnyh0000gn/T (java.io.tmpdir)
[DEBUG][01-Aug-2022 00:17:09 AM] PlatformDependent.bitMode0:(1329) - -Dio.netty.bitMode: 64 (sun.arch.data.model)
[DEBUG][01-Aug-2022 00:17:09 AM] PlatformDependent.isOsx0:(1088) - Platform: MacOS
[DEBUG][01-Aug-2022 00:17:09 AM] PlatformDependent.<clinit>:(178) - -Dio.netty.maxDirectMemory: 1908932608 bytes
[DEBUG][01-Aug-2022 00:17:09 AM] PlatformDependent.<clinit>:(185) - -Dio.netty.uninitializedArrayAllocationThreshold: -1
[DEBUG][01-Aug-2022 00:17:09 AM] CleanerJava6.<clinit>:(92) - java.nio.ByteBuffer.cleaner(): available
[DEBUG][01-Aug-2022 00:17:09 AM] PlatformDependent.<clinit>:(205) - -Dio.netty.noPreferDirect: false
[DEBUG][01-Aug-2022 00:17:09 AM] PlatformDependent$Mpsc.<clinit>:(971) - org.jctools-core.MpscChunkedArrayQueue: available
[DEBUG][01-Aug-2022 00:17:09 AM] InternalThreadLocalMap.<clinit>:(86) - -Dio.netty.threadLocalMap.stringBuilder.initialSize: 1024
[DEBUG][01-Aug-2022 00:17:09 AM] InternalThreadLocalMap.<clinit>:(89) - -Dio.netty.threadLocalMap.stringBuilder.maxSize: 4096
[DEBUG][01-Aug-2022 00:17:09 AM] JdkSslContext.<clinit>:(83) - Default protocols (JDK): [TLSv1.2] 
[DEBUG][01-Aug-2022 00:17:09 AM] JdkSslContext.<clinit>:(84) - Default cipher suites (JDK): [TLS_ECDHE_ECDSA_WITH_AES_256_GCM_SHA384, TLS_ECDHE_ECDSA_WITH_AES_128_GCM_SHA256, TLS_ECDHE_RSA_WITH_AES_128_GCM_SHA256, TLS_ECDHE_RSA_WITH_AES_256_GCM_SHA384, TLS_ECDHE_RSA_WITH_AES_128_CBC_SHA, TLS_ECDHE_RSA_WITH_AES_256_CBC_SHA, TLS_RSA_WITH_AES_128_GCM_SHA256, TLS_RSA_WITH_AES_128_CBC_SHA, TLS_RSA_WITH_AES_256_CBC_SHA, TLS_AES_128_GCM_SHA256, TLS_AES_256_GCM_SHA384]
[DEBUG][01-Aug-2022 00:17:09 AM] MultithreadEventLoopGroup.<clinit>:(44) - -Dio.netty.eventLoopThreads: 16
[DEBUG][01-Aug-2022 00:17:09 AM] NioEventLoop.<clinit>:(109) - -Dio.netty.noKeySetOptimization: false
[DEBUG][01-Aug-2022 00:17:09 AM] NioEventLoop.<clinit>:(110) - -Dio.netty.selectorAutoRebuildThreshold: 512
[TRACE][01-Aug-2022 00:17:09 AM] NioEventLoop.openSelector:(263) - instrumented a special java.util.Set into: sun.nio.ch.KQueueSelectorImpl@47b67fcb
[TRACE][01-Aug-2022 00:17:09 AM] NioEventLoop.openSelector:(263) - instrumented a special java.util.Set into: sun.nio.ch.KQueueSelectorImpl@7efe7b87
[TRACE][01-Aug-2022 00:17:09 AM] NioEventLoop.openSelector:(263) - instrumented a special java.util.Set into: sun.nio.ch.KQueueSelectorImpl@ac20bb4
[TRACE][01-Aug-2022 00:17:09 AM] NioEventLoop.openSelector:(263) - instrumented a special java.util.Set into: sun.nio.ch.KQueueSelectorImpl@5a2bd7c8
[TRACE][01-Aug-2022 00:17:09 AM] NioEventLoop.openSelector:(263) - instrumented a special java.util.Set into: sun.nio.ch.KQueueSelectorImpl@7ca8d498
[TRACE][01-Aug-2022 00:17:09 AM] NioEventLoop.openSelector:(263) - instrumented a special java.util.Set into: sun.nio.ch.KQueueSelectorImpl@7187bac9
[TRACE][01-Aug-2022 00:17:09 AM] NioEventLoop.openSelector:(263) - instrumented a special java.util.Set into: sun.nio.ch.KQueueSelectorImpl@6b8280e6
[TRACE][01-Aug-2022 00:17:09 AM] NioEventLoop.openSelector:(263) - instrumented a special java.util.Set into: sun.nio.ch.KQueueSelectorImpl@6f139fc9
[TRACE][01-Aug-2022 00:17:09 AM] NioEventLoop.openSelector:(263) - instrumented a special java.util.Set into: sun.nio.ch.KQueueSelectorImpl@55259aa7
[TRACE][01-Aug-2022 00:17:09 AM] NioEventLoop.openSelector:(263) - instrumented a special java.util.Set into: sun.nio.ch.KQueueSelectorImpl@19382338
[TRACE][01-Aug-2022 00:17:09 AM] NioEventLoop.openSelector:(263) - instrumented a special java.util.Set into: sun.nio.ch.KQueueSelectorImpl@66420549
[TRACE][01-Aug-2022 00:17:09 AM] NioEventLoop.openSelector:(263) - instrumented a special java.util.Set into: sun.nio.ch.KQueueSelectorImpl@15dc339f
[TRACE][01-Aug-2022 00:17:09 AM] NioEventLoop.openSelector:(263) - instrumented a special java.util.Set into: sun.nio.ch.KQueueSelectorImpl@6cd56321
[TRACE][01-Aug-2022 00:17:09 AM] NioEventLoop.openSelector:(263) - instrumented a special java.util.Set into: sun.nio.ch.KQueueSelectorImpl@34acbc60
[TRACE][01-Aug-2022 00:17:09 AM] NioEventLoop.openSelector:(263) - instrumented a special java.util.Set into: sun.nio.ch.KQueueSelectorImpl@42b28ff1
[TRACE][01-Aug-2022 00:17:09 AM] NioEventLoop.openSelector:(263) - instrumented a special java.util.Set into: sun.nio.ch.KQueueSelectorImpl@36061cf3
[DEBUG][01-Aug-2022 00:17:09 AM] PooledByteBufAllocator.<clinit>:(157) - -Dio.netty.allocator.numHeapArenas: 16
[DEBUG][01-Aug-2022 00:17:09 AM] PooledByteBufAllocator.<clinit>:(158) - -Dio.netty.allocator.numDirectArenas: 16
[DEBUG][01-Aug-2022 00:17:09 AM] PooledByteBufAllocator.<clinit>:(160) - -Dio.netty.allocator.pageSize: 8192
[DEBUG][01-Aug-2022 00:17:09 AM] PooledByteBufAllocator.<clinit>:(165) - -Dio.netty.allocator.maxOrder: 9
[DEBUG][01-Aug-2022 00:17:09 AM] PooledByteBufAllocator.<clinit>:(169) - -Dio.netty.allocator.chunkSize: 4194304
[DEBUG][01-Aug-2022 00:17:09 AM] PooledByteBufAllocator.<clinit>:(170) - -Dio.netty.allocator.smallCacheSize: 256
[DEBUG][01-Aug-2022 00:17:09 AM] PooledByteBufAllocator.<clinit>:(171) - -Dio.netty.allocator.normalCacheSize: 64
[DEBUG][01-Aug-2022 00:17:09 AM] PooledByteBufAllocator.<clinit>:(172) - -Dio.netty.allocator.maxCachedBufferCapacity: 32768
[DEBUG][01-Aug-2022 00:17:09 AM] PooledByteBufAllocator.<clinit>:(173) - -Dio.netty.allocator.cacheTrimInterval: 8192
[DEBUG][01-Aug-2022 00:17:09 AM] PooledByteBufAllocator.<clinit>:(174) - -Dio.netty.allocator.cacheTrimIntervalMillis: 0
[DEBUG][01-Aug-2022 00:17:09 AM] PooledByteBufAllocator.<clinit>:(175) - -Dio.netty.allocator.useCacheForAllThreads: false
[DEBUG][01-Aug-2022 00:17:09 AM] PooledByteBufAllocator.<clinit>:(176) - -Dio.netty.allocator.maxCachedByteBuffersPerChunk: 1023
[DEBUG][01-Aug-2022 00:17:09 AM] ByteBufUtil.<clinit>:(87) - -Dio.netty.allocator.type: pooled
[DEBUG][01-Aug-2022 00:17:09 AM] ByteBufUtil.<clinit>:(96) - -Dio.netty.threadLocalDirectBufferSize: 0
[DEBUG][01-Aug-2022 00:17:09 AM] ByteBufUtil.<clinit>:(99) - -Dio.netty.maxThreadLocalCharBufferSize: 16384
[DEBUG][01-Aug-2022 00:17:09 AM] DefaultChannelId.<clinit>:(79) - -Dio.netty.processId: 14809 (auto-detected)
[DEBUG][01-Aug-2022 00:17:09 AM] NetUtil.<clinit>:(136) - -Djava.net.preferIPv4Stack: false
[DEBUG][01-Aug-2022 00:17:09 AM] NetUtil.<clinit>:(137) - -Djava.net.preferIPv6Addresses: false
[DEBUG][01-Aug-2022 00:17:09 AM] NetUtilInitializations.determineLoopback:(129) - Loopback interface: lo0 (lo0, 0:0:0:0:0:0:0:1%lo0)
[DEBUG][01-Aug-2022 00:17:09 AM] NetUtil$SoMaxConnAction.run:(191) - Failed to get SOMAXCONN from sysctl and file /proc/sys/net/core/somaxconn. Default: 128
[DEBUG][01-Aug-2022 00:17:09 AM] DefaultChannelId.<clinit>:(101) - -Dio.netty.machineId: ac:de:48:ff:fe:00:11:22 (auto-detected)
[DEBUG][01-Aug-2022 00:17:09 AM] AbstractByteBuf.<clinit>:(63) - -Dio.netty.buffer.checkAccessible: true
[DEBUG][01-Aug-2022 00:17:09 AM] AbstractByteBuf.<clinit>:(64) - -Dio.netty.buffer.checkBounds: true
[DEBUG][01-Aug-2022 00:17:09 AM] ResourceLeakDetectorFactory$DefaultResourceLeakDetectorFactory.newResourceLeakDetector:(196) - Loaded default ResourceLeakDetector: io.netty.util.ResourceLeakDetector@4bf6477c
[DEBUG][01-Aug-2022 00:17:09 AM] Recycler.<clinit>:(85) - -Dio.netty.recycler.maxCapacityPerThread: 4096
[DEBUG][01-Aug-2022 00:17:09 AM] Recycler.<clinit>:(86) - -Dio.netty.recycler.ratio: 8
[DEBUG][01-Aug-2022 00:17:09 AM] Recycler.<clinit>:(87) - -Dio.netty.recycler.chunkSize: 32
[DEBUG][01-Aug-2022 00:17:09 AM] Recycler.<clinit>:(88) - -Dio.netty.recycler.blocking: false
[DEBUG][01-Aug-2022 00:17:11 AM] Brotli.<clinit>:(38) - brotli4j not in the classpath; Brotli support will be unavailable.
[DEBUG][01-Aug-2022 00:17:12 AM] ThreadLocalRandom.newSeed:(214) - -Dio.netty.initialSeedUniquifier: 0x2dffa0e5d2d21781
[INFO ][01-Aug-2022 00:17:13 AM] Log.info:(34) - ****** Initializing the WebDriver *****Driver.Driverfactory
[INFO ][01-Aug-2022 00:17:13 AM] Log.startStep:(18) - Step Started ••••••••••••••••Scenario Step execution Start Time Mon Aug 01 00:17:13 IST 2022
[INFO ][01-Aug-2022 00:17:13 AM] Log.endStep:(26) - Step Started ••••••••••••••••Scenario Step execution End Time Mon Aug 01 00:17:13 IST 2022
[INFO ][01-Aug-2022 00:17:13 AM] Log.startStep:(18) - Step Started ••••••••••••••••Scenario Step execution Start Time Mon Aug 01 00:17:13 IST 2022
[INFO ][01-Aug-2022 00:17:13 AM] Log.endStep:(26) - Step Started ••••••••••••••••Scenario Step execution End Time Mon Aug 01 00:17:13 IST 2022
[INFO ][01-Aug-2022 00:17:13 AM] Log.startStep:(18) - Step Started ••••••••••••••••Scenario Step execution Start Time Mon Aug 01 00:17:13 IST 2022
[INFO ][01-Aug-2022 00:17:26 AM] Log.endStep:(26) - Step Started ••••••••••••••••Scenario Step execution End Time Mon Aug 01 00:17:26 IST 2022
[INFO ][01-Aug-2022 00:17:26 AM] Log.startStep:(18) - Step Started ••••••••••••••••Scenario Step execution Start Time Mon Aug 01 00:17:26 IST 2022
[INFO ][01-Aug-2022 00:17:26 AM] Log.endStep:(26) - Step Started ••••••••••••••••Scenario Step execution End Time Mon Aug 01 00:17:26 IST 2022
[INFO ][01-Aug-2022 00:17:26 AM] Log.startStep:(18) - Step Started ••••••••••••••••Scenario Step execution Start Time Mon Aug 01 00:17:26 IST 2022
[INFO ][01-Aug-2022 00:17:26 AM] Log.endStep:(26) - Step Started ••••••••••••••••Scenario Step execution End Time Mon Aug 01 00:17:26 IST 2022
[INFO ][01-Aug-2022 00:17:26 AM] Log.startStep:(18) - Step Started ••••••••••••••••Scenario Step execution Start Time Mon Aug 01 00:17:26 IST 2022
[INFO ][01-Aug-2022 00:17:26 AM] Log.endStep:(26) - Step Started ••••••••••••••••Scenario Step execution End Time Mon Aug 01 00:17:26 IST 2022
[INFO ][01-Aug-2022 00:17:26 AM] Log.startStep:(18) - Step Started ••••••••••••••••Scenario Step execution Start Time Mon Aug 01 00:17:26 IST 2022
[INFO ][01-Aug-2022 00:17:26 AM] Log.endStep:(26) - Step Started ••••••••••••••••Scenario Step execution End Time Mon Aug 01 00:17:26 IST 2022
[INFO ][01-Aug-2022 00:17:26 AM] Log.startStep:(18) - Step Started ••••••••••••••••Scenario Step execution Start Time Mon Aug 01 00:17:26 IST 2022
[INFO ][01-Aug-2022 00:17:26 AM] Log.endStep:(26) - Step Started ••••••••••••••••Scenario Step execution End Time Mon Aug 01 00:17:26 IST 2022
[TRACE][01-Aug-2022 00:17:26 AM] WebSocket08FrameEncoder.encode:(131) - Encoding WebSocket Frame opCode=8 length=26
[INFO ][01-Aug-2022 00:17:26 AM] Log.info:(34) - ****** Quitting the WebDriver Session from StepDefination After Hook *****Driver.Driverfactory
[INFO ][01-Aug-2022 00:17:26 AM] Log.info:(34) - ******   Current Working directory  *********/Users/baitharu/eclipse-workspace/CucumberJava
[INFO ][01-Aug-2022 00:17:26 AM] Log.info:(34) - ****** Initializing the Property file *****Driver.Driverfactory
[INFO ][01-Aug-2022 00:17:28 AM] Log.info:(34) - ****** Initializing the WebDriver *****Driver.Driverfactory
[INFO ][01-Aug-2022 00:17:28 AM] Log.startStep:(18) - Step Started ••••••••••••••••Scenario Step execution Start Time Mon Aug 01 00:17:28 IST 2022
[INFO ][01-Aug-2022 00:17:28 AM] Log.endStep:(26) - Step Started ••••••••••••••••Scenario Step execution End Time Mon Aug 01 00:17:28 IST 2022
[INFO ][01-Aug-2022 00:17:28 AM] Log.startStep:(18) - Step Started ••••••••••••••••Scenario Step execution Start Time Mon Aug 01 00:17:28 IST 2022
[INFO ][01-Aug-2022 00:17:28 AM] Log.endStep:(26) - Step Started ••••••••••••••••Scenario Step execution End Time Mon Aug 01 00:17:28 IST 2022
[INFO ][01-Aug-2022 00:17:28 AM] Log.startStep:(18) - Step Started ••••••••••••••••Scenario Step execution Start Time Mon Aug 01 00:17:28 IST 2022
[INFO ][01-Aug-2022 00:17:41 AM] Log.endStep:(26) - Step Started ••••••••••••••••Scenario Step execution End Time Mon Aug 01 00:17:41 IST 2022
[INFO ][01-Aug-2022 00:17:41 AM] Log.startStep:(18) - Step Started ••••••••••••••••Scenario Step execution Start Time Mon Aug 01 00:17:41 IST 2022
[INFO ][01-Aug-2022 00:17:41 AM] Log.endStep:(26) - Step Started ••••••••••••••••Scenario Step execution End Time Mon Aug 01 00:17:41 IST 2022
[INFO ][01-Aug-2022 00:17:41 AM] Log.startStep:(18) - Step Started ••••••••••••••••Scenario Step execution Start Time Mon Aug 01 00:17:41 IST 2022
[INFO ][01-Aug-2022 00:17:41 AM] Log.endStep:(26) - Step Started ••••••••••••••••Scenario Step execution End Time Mon Aug 01 00:17:41 IST 2022
[INFO ][01-Aug-2022 00:17:41 AM] Log.startStep:(18) - Step Started ••••••••••••••••Scenario Step execution Start Time Mon Aug 01 00:17:41 IST 2022
[INFO ][01-Aug-2022 00:17:41 AM] Log.endStep:(26) - Step Started ••••••••••••••••Scenario Step execution End Time Mon Aug 01 00:17:41 IST 2022
[INFO ][01-Aug-2022 00:17:41 AM] Log.startStep:(18) - Step Started ••••••••••••••••Scenario Step execution Start Time Mon Aug 01 00:17:41 IST 2022
[INFO ][01-Aug-2022 00:17:41 AM] Log.endStep:(26) - Step Started ••••••••••••••••Scenario Step execution End Time Mon Aug 01 00:17:41 IST 2022
[INFO ][01-Aug-2022 00:17:41 AM] Log.startStep:(18) - Step Started ••••••••••••••••Scenario Step execution Start Time Mon Aug 01 00:17:41 IST 2022
[INFO ][01-Aug-2022 00:17:41 AM] Log.endStep:(26) - Step Started ••••••••••••••••Scenario Step execution End Time Mon Aug 01 00:17:41 IST 2022
[INFO ][01-Aug-2022 00:17:41 AM] Log.startStep:(18) - Step Started ••••••••••••••••Scenario Step execution Start Time Mon Aug 01 00:17:41 IST 2022
[INFO ][01-Aug-2022 00:17:41 AM] Log.endStep:(26) - Step Started ••••••••••••••••Scenario Step execution End Time Mon Aug 01 00:17:41 IST 2022
[INFO ][01-Aug-2022 00:17:41 AM] Log.startStep:(18) - Step Started ••••••••••••••••Scenario Step execution Start Time Mon Aug 01 00:17:41 IST 2022
[INFO ][01-Aug-2022 00:17:41 AM] Log.endStep:(26) - Step Started ••••••••••••••••Scenario Step execution End Time Mon Aug 01 00:17:41 IST 2022
[INFO ][01-Aug-2022 00:17:41 AM] Log.startStep:(18) - Step Started ••••••••••••••••Scenario Step execution Start Time Mon Aug 01 00:17:41 IST 2022
[INFO ][01-Aug-2022 00:17:41 AM] Log.endStep:(26) - Step Started ••••••••••••••••Scenario Step execution End Time Mon Aug 01 00:17:41 IST 2022
[TRACE][01-Aug-2022 00:17:41 AM] WebSocket08FrameEncoder.encode:(131) - Encoding WebSocket Frame opCode=8 length=26
[INFO ][01-Aug-2022 00:17:41 AM] Log.info:(34) - ****** Quitting the WebDriver Session from StepDefination After Hook *****Driver.Driverfactory
[INFO ][01-Aug-2022 00:17:42 AM] Log.info:(34) - ******   Current Working directory  *********/Users/baitharu/eclipse-workspace/CucumberJava
[INFO ][01-Aug-2022 00:17:42 AM] Log.info:(34) - ****** Initializing the Property file *****Driver.Driverfactory
[INFO ][01-Aug-2022 00:17:43 AM] Log.info:(34) - ****** Initializing the WebDriver *****Driver.Driverfactory
[INFO ][01-Aug-2022 00:17:43 AM] Log.startStep:(18) - Step Started ••••••••••••••••Scenario Step execution Start Time Mon Aug 01 00:17:43 IST 2022
[INFO ][01-Aug-2022 00:17:43 AM] Log.endStep:(26) - Step Started ••••••••••••••••Scenario Step execution End Time Mon Aug 01 00:17:43 IST 2022
[INFO ][01-Aug-2022 00:17:43 AM] Log.startStep:(18) - Step Started ••••••••••••••••Scenario Step execution Start Time Mon Aug 01 00:17:43 IST 2022
[INFO ][01-Aug-2022 00:17:43 AM] Log.endStep:(26) - Step Started ••••••••••••••••Scenario Step execution End Time Mon Aug 01 00:17:43 IST 2022
[INFO ][01-Aug-2022 00:17:43 AM] Log.startStep:(18) - Step Started ••••••••••••••••Scenario Step execution Start Time Mon Aug 01 00:17:43 IST 2022
[INFO ][01-Aug-2022 00:17:56 AM] Log.endStep:(26) - Step Started ••••••••••••••••Scenario Step execution End Time Mon Aug 01 00:17:56 IST 2022
[INFO ][01-Aug-2022 00:17:56 AM] Log.startStep:(18) - Step Started ••••••••••••••••Scenario Step execution Start Time Mon Aug 01 00:17:56 IST 2022
[INFO ][01-Aug-2022 00:17:56 AM] Log.endStep:(26) - Step Started ••••••••••••••••Scenario Step execution End Time Mon Aug 01 00:17:56 IST 2022
[TRACE][01-Aug-2022 00:17:56 AM] WebSocket08FrameEncoder.encode:(131) - Encoding WebSocket Frame opCode=8 length=26
[INFO ][01-Aug-2022 00:17:56 AM] Log.info:(34) - ****** Quitting the WebDriver Session from StepDefination After Hook *****Driver.Driverfactory
[INFO ][01-Aug-2022 00:17:56 AM] Log.info:(34) - ******   Current Working directory  *********/Users/baitharu/eclipse-workspace/CucumberJava
[INFO ][01-Aug-2022 00:17:56 AM] Log.info:(34) - ****** Initializing the Property file *****Driver.Driverfactory
[INFO ][01-Aug-2022 00:17:58 AM] Log.info:(34) - ****** Initializing the WebDriver *****Driver.Driverfactory
[INFO ][01-Aug-2022 00:17:58 AM] Log.startStep:(18) - Step Started ••••••••••••••••Scenario Step execution Start Time Mon Aug 01 00:17:58 IST 2022
[INFO ][01-Aug-2022 00:17:58 AM] Log.endStep:(26) - Step Started ••••••••••••••••Scenario Step execution End Time Mon Aug 01 00:17:58 IST 2022
[INFO ][01-Aug-2022 00:17:58 AM] Log.startStep:(18) - Step Started ••••••••••••••••Scenario Step execution Start Time Mon Aug 01 00:17:58 IST 2022
[INFO ][01-Aug-2022 00:17:58 AM] Log.endStep:(26) - Step Started ••••••••••••••••Scenario Step execution End Time Mon Aug 01 00:17:58 IST 2022
[INFO ][01-Aug-2022 00:17:58 AM] Log.startStep:(18) - Step Started ••••••••••••••••Scenario Step execution Start Time Mon Aug 01 00:17:58 IST 2022
[INFO ][01-Aug-2022 00:18:15 AM] Log.endStep:(26) - Step Started ••••••••••••••••Scenario Step execution End Time Mon Aug 01 00:18:15 IST 2022
[INFO ][01-Aug-2022 00:18:15 AM] Log.startStep:(18) - Step Started ••••••••••••••••Scenario Step execution Start Time Mon Aug 01 00:18:15 IST 2022
[INFO ][01-Aug-2022 00:18:15 AM] Log.endStep:(26) - Step Started ••••••••••••••••Scenario Step execution End Time Mon Aug 01 00:18:15 IST 2022
[TRACE][01-Aug-2022 00:18:15 AM] WebSocket08FrameEncoder.encode:(131) - Encoding WebSocket Frame opCode=8 length=26
[INFO ][01-Aug-2022 00:18:15 AM] Log.info:(34) - ****** Quitting the WebDriver Session from StepDefination After Hook *****Driver.Driverfactory
